ARMigoo/Library/Bee/Android/Prj/IL2CPP/Gradle/launcher/build/outputs/logs/manifest-merger-debug-report.txt
-- Merging decision tree log ---
manifest
ADDED from src/main/AndroidManifest.xml:2:1-5:12
INJECTED from src/main/AndroidManifest.xml:2:1-5:12
INJECTED from src/main/AndroidManifest.xml:2:1-5:12
INJECTED from src/main/AndroidManifest.xml:2:1-5:12
MERGED from [:unityLibrary] AndroidManifest.xml:2:1-81:12
MERGED from [:unityandroidpermissions:] AndroidManifest.xml:6:1-15:12
MERGED from [:androidx.loader.loader-1.0.0:] AndroidManifest.xml:17:1-22:12
MERGED from [:com.google.android.gms.play-services-measurement-sdk-api-21.1.0:] AndroidManifest.xml:17:1-28:12
MERGED from [:androidx.swiperefreshlayout.swiperefreshlayout-1.0.0:] AndroidManifest.xml:17:1-22:12
MERGED from [:com.google.android.gms.play-services-auth-api-phone-17.4.0:] AndroidManifest.xml:2:1-7:12
MERGED from [:com.google.android.gms.play-services-measurement-base-21.1.0:] AndroidManifest.xml:2:1-9:12
MERGED from [:com.google.android.gms.play-services-basement-18.1.0:] AndroidManifest.xml:16:1-26:12
MERGED from [:arcore_client:] AndroidManifest.xml:17:1-49:12
MERGED from [:com.google.android.gms.play-services-tasks-18.0.2:] AndroidManifest.xml:2:1-6:12
MERGED from [:com.google.android.gms.play-services-base-18.1.0:] AndroidManifest.xml:16:1-24:12
MERGED from [:UnityARCore:] AndroidManifest.xml:2:1-11:12
MERGED from [:com.google.firebase.firebase-database-20.0.5:] AndroidManifest.xml:15:1-38:12
MERGED from [:com.google.firebase.firebase-auth-interop-20.0.0:] AndroidManifest.xml:2:1-10:12
MERGED from [:androidx.asynclayoutinflater.asynclayoutinflater-1.0.0:] AndroidManifest.xml:17:1-22:12
MERGED from [:com.google.firebase.firebase-appcheck-interop-16.0.0:] AndroidManifest.xml:15:1-26:12
MERGED from [:androidx.customview.customview-1.0.0:] AndroidManifest.xml:17:1-22:12
MERGED from [:com.google.firebase.firebase-installations-17.0.1:] AndroidManifest.xml:2:1-24:12
MERGED from [:com.google.firebase.firebase-common-20.1.1:] AndroidManifest.xml:15:1-23:12
MERGED from [:com.google.firebase.firebase-measurement-connector-19.0.0:] AndroidManifest.xml:17:1-25:12
MERGED from [:com.google.android.gms.play-services-ads-identifier-18.0.0:] AndroidManifest.xml:17:1-27:12
MERGED from [:ARPresto:] AndroidManifest.xml:2:1-11:12
MERGED from [:androidx.viewpager.viewpager-1.0.0:] AndroidManifest.xml:17:1-22:12
MERGED from [:androidx.cursoradapter.cursoradapter-1.0.0:] AndroidManifest.xml:17:1-22:12
MERGED from [:com.google.android.gms.play-services-measurement-21.1.0:] AndroidManifest.xml:17:1-46:12
MERGED from [:androidx.drawerlayout.drawerlayout-1.0.0:] AndroidManifest.xml:17:1-22:12
MERGED from [:com.google.android.gms.play-services-measurement-api-21.1.0:] AndroidManifest.xml:17:1-37:12
MERGED from [:com.google.firebase.firebase-components-17.0.0:] AndroidManifest.xml:15:1-23:12
MERGED from [:androidx.print.print-1.0.0:] AndroidManifest.xml:17:1-22:12
MERGED from [:com.google.firebase.firebase-database-collection-18.0.1:] AndroidManifest.xml:2:1-9:12
MERGED from [:androidx.legacy.legacy-support-core-ui-1.0.0:] AndroidManifest.xml:17:1-22:12
MERGED from [:com.google.firebase.firebase-auth-21.0.6:] AndroidManifest.xml:17:1-73:12
MERGED from [:androidx.lifecycle.lifecycle-viewmodel-2.0.0:] AndroidManifest.xml:17:1-22:12
MERGED from [:androidx.slidingpanelayout.slidingpanelayout-1.0.0:] AndroidManifest.xml:17:1-22:12
MERGED from [:androidx.fragment.fragment-1.0.0:] AndroidManifest.xml:17:1-22:12
MERGED from [:androidx.interpolator.interpolator-1.0.0:] AndroidManifest.xml:17:1-22:12
MERGED from [:com.google.android.gms.play-services-measurement-impl-21.1.0:] AndroidManifest.xml:17:1-32:12
MERGED from [:com.google.android.gms.play-services-measurement-sdk-21.1.0:] AndroidManifest.xml:17:1-25:12
MERGED from [:androidx.lifecycle.lifecycle-runtime-2.0.0:] AndroidManifest.xml:17:1-22:12
MERGED from [:androidx.lifecycle.lifecycle-livedata-core-2.0.0:] AndroidManifest.xml:17:1-22:12
MERGED from [:androidx.lifecycle.lifecycle-livedata-2.0.0:] AndroidManifest.xml:17:1-22:12
MERGED from [:androidx.browser.browser-1.4.0:] AndroidManifest.xml:17:1-24:12
MERGED from [:androidx.localbroadcastmanager.localbroadcastmanager-1.0.0:] AndroidManifest.xml:17:1-22:12
MERGED from [:com.google.firebase.firebase-database-unity-9.3.0:] AndroidManifest.xml:3:1-8:12
MERGED from [:androidx.versionedparcelable.versionedparcelable-1.1.0:] AndroidManifest.xml:17:1-27:12
MERGED from [:com.google.android.gms.play-services-safetynet-17.0.0:] AndroidManifest.xml:17:1-24:12
MERGED from [:com.google.android.gms.play-services-stats-17.0.2:] AndroidManifest.xml:2:1-9:12
MERGED from [:androidx.legacy.legacy-support-core-utils-1.0.0:] AndroidManifest.xml:17:1-22:12
MERGED from [:androidx.arch.core.core-runtime-2.0.0:] AndroidManifest.xml:17:1-22:12
MERGED from [:androidx.coordinatorlayout.coordinatorlayout-1.0.0:] AndroidManifest.xml:17:1-22:12
MERGED from [:com.google.firebase.firebase-installations-interop-17.0.1:] AndroidManifest.xml:15:1-23:12
MERGED from [:androidx.documentfile.documentfile-1.0.0:] AndroidManifest.xml:17:1-22:12
MERGED from [:androidx.core.core-1.2.0:] AndroidManifest.xml:17:1-26:12
MERGED from [:com.google.firebase.firebase-analytics-21.1.0:] AndroidManifest.xml:2:1-9:12
MERGED from [:unityLibrary:FirebaseApp.androidlib] AndroidManifest.xml:2:1-9:12
INJECTED from src/main/AndroidManifest.xml:2:1-5:12
INJECTED from src/main/AndroidManifest.xml:2:1-5:12
INJECTED from src/main/AndroidManifest.xml:2:1-5:12
	package
		ADDED from src/main/AndroidManifest.xml:2:70-105
		INJECTED from src/main/AndroidManifest.xml
		INJECTED from src/main/AndroidManifest.xml
	android:versionName
		INJECTED from src/main/AndroidManifest.xml
		ADDED from src/main/AndroidManifest.xml:2:1-5:12
		INJECTED from src/main/AndroidManifest.xml
	xmlns:tools
		ADDED from src/main/AndroidManifest.xml:2:106-152
	android:versionCode
		INJECTED from src/main/AndroidManifest.xml
		ADDED from src/main/AndroidManifest.xml:2:1-5:12
		INJECTED from src/main/AndroidManifest.xml
	xmlns:android
		ADDED from src/main/AndroidManifest.xml:2:11-69
	android:installLocation
		ADDED from src/main/AndroidManifest.xml:2:153-193
supports-screens
ADDED from src/main/AndroidManifest.xml:3:3-163
	android:largeScreens
		ADDED from src/main/AndroidManifest.xml:3:78-105
	android:smallScreens
		ADDED from src/main/AndroidManifest.xml:3:21-48
	android:normalScreens
		ADDED from src/main/AndroidManifest.xml:3:49-77
	android:xlargeScreens
		ADDED from src/main/AndroidManifest.xml:3:106-134
	android:anyDensity
		ADDED from src/main/AndroidManifest.xml:3:135-160
application
ADDED from src/main/AndroidManifest.xml:4:3-83
MERGED from [:unityLibrary] AndroidManifest.xml:35:5-79:19
MERGED from [:unityLibrary] AndroidManifest.xml:35:5-79:19
MERGED from [:com.google.android.gms.play-services-measurement-base-21.1.0:] AndroidManifest.xml:7:5-20
MERGED from [:com.google.android.gms.play-services-measurement-base-21.1.0:] AndroidManifest.xml:7:5-20
MERGED from [:com.google.android.gms.play-services-basement-18.1.0:] AndroidManifest.xml:20:5-24:19
MERGED from [:com.google.android.gms.play-services-basement-18.1.0:] AndroidManifest.xml:20:5-24:19
MERGED from [:arcore_client:] AndroidManifest.xml:33:5-47:19
MERGED from [:arcore_client:] AndroidManifest.xml:33:5-47:19
MERGED from [:com.google.android.gms.play-services-tasks-18.0.2:] AndroidManifest.xml:5:5-20
MERGED from [:com.google.android.gms.play-services-tasks-18.0.2:] AndroidManifest.xml:5:5-20
MERGED from [:com.google.android.gms.play-services-base-18.1.0:] AndroidManifest.xml:19:5-23:19
MERGED from [:com.google.android.gms.play-services-base-18.1.0:] AndroidManifest.xml:19:5-23:19
MERGED from [:com.google.firebase.firebase-database-20.0.5:] AndroidManifest.xml:28:5-36:19
MERGED from [:com.google.firebase.firebase-database-20.0.5:] AndroidManifest.xml:28:5-36:19
MERGED from [:com.google.firebase.firebase-auth-interop-20.0.0:] AndroidManifest.xml:7:5-8:19
MERGED from [:com.google.firebase.firebase-auth-interop-20.0.0:] AndroidManifest.xml:7:5-8:19
MERGED from [:com.google.firebase.firebase-appcheck-interop-16.0.0:] AndroidManifest.xml:24:5-20
MERGED from [:com.google.firebase.firebase-appcheck-interop-16.0.0:] AndroidManifest.xml:24:5-20
MERGED from [:com.google.firebase.firebase-installations-17.0.1:] AndroidManifest.xml:14:5-22:19
MERGED from [:com.google.firebase.firebase-installations-17.0.1:] AndroidManifest.xml:14:5-22:19
MERGED from [:com.google.firebase.firebase-common-20.1.1:] AndroidManifest.xml:19:3-22:17
MERGED from [:com.google.firebase.firebase-common-20.1.1:] AndroidManifest.xml:19:3-22:17
MERGED from [:com.google.firebase.firebase-measurement-connector-19.0.0:] AndroidManifest.xml:22:5-23:19
MERGED from [:com.google.firebase.firebase-measurement-connector-19.0.0:] AndroidManifest.xml:22:5-23:19
MERGED from [:com.google.android.gms.play-services-ads-identifier-18.0.0:] AndroidManifest.xml:25:5-20
MERGED from [:com.google.android.gms.play-services-ads-identifier-18.0.0:] AndroidManifest.xml:25:5-20
MERGED from [:com.google.android.gms.play-services-measurement-21.1.0:] AndroidManifest.xml:28:5-44:19
MERGED from [:com.google.android.gms.play-services-measurement-21.1.0:] AndroidManifest.xml:28:5-44:19
MERGED from [:com.google.android.gms.play-services-measurement-api-21.1.0:] AndroidManifest.xml:27:5-35:19
MERGED from [:com.google.android.gms.play-services-measurement-api-21.1.0:] AndroidManifest.xml:27:5-35:19
MERGED from [:com.google.firebase.firebase-auth-21.0.6:] AndroidManifest.xml:26:5-71:19
MERGED from [:com.google.firebase.firebase-auth-21.0.6:] AndroidManifest.xml:26:5-71:19
MERGED from [:com.google.android.gms.play-services-measurement-impl-21.1.0:] AndroidManifest.xml:29:5-30:19
MERGED from [:com.google.android.gms.play-services-measurement-impl-21.1.0:] AndroidManifest.xml:29:5-30:19
MERGED from [:com.google.android.gms.play-services-measurement-sdk-21.1.0:] AndroidManifest.xml:22:5-23:19
MERGED from [:com.google.android.gms.play-services-measurement-sdk-21.1.0:] AndroidManifest.xml:22:5-23:19
MERGED from [:androidx.versionedparcelable.versionedparcelable-1.1.0:] AndroidManifest.xml:24:5-25:19
MERGED from [:androidx.versionedparcelable.versionedparcelable-1.1.0:] AndroidManifest.xml:24:5-25:19
MERGED from [:com.google.android.gms.play-services-safetynet-17.0.0:] AndroidManifest.xml:22:5-20
MERGED from [:com.google.android.gms.play-services-safetynet-17.0.0:] AndroidManifest.xml:22:5-20
MERGED from [:com.google.android.gms.play-services-stats-17.0.2:] AndroidManifest.xml:7:5-20
MERGED from [:com.google.android.gms.play-services-stats-17.0.2:] AndroidManifest.xml:7:5-20
MERGED from [:androidx.core.core-1.2.0:] AndroidManifest.xml:24:5-89
MERGED from [:androidx.core.core-1.2.0:] AndroidManifest.xml:24:5-89
MERGED from [:com.google.firebase.firebase-analytics-21.1.0:] AndroidManifest.xml:7:5-20
MERGED from [:com.google.firebase.firebase-analytics-21.1.0:] AndroidManifest.xml:7:5-20
	android:extractNativeLibs
		ADDED from [:unityLibrary] AndroidManifest.xml:35:18-50
	android:appComponentFactory
		ADDED from [:androidx.core.core-1.2.0:] AndroidManifest.xml:24:18-86
	android:label
		ADDED from src/main/AndroidManifest.xml:4:16-48
	android:icon
		ADDED from src/main/AndroidManifest.xml:4:49-80
uses-sdk
INJECTED from src/main/AndroidManifest.xml reason: use-sdk injection requested
INJECTED from src/main/AndroidManifest.xml
INJECTED from src/main/AndroidManifest.xml
MERGED from [:unityLibrary] AndroidManifest.xml:8:5-10:41
MERGED from [:unityLibrary] AndroidManifest.xml:8:5-10:41
MERGED from [:unityandroidpermissions:] AndroidManifest.xml:11:5-13:41
MERGED from [:unityandroidpermissions:] AndroidManifest.xml:11:5-13:41
MERGED from [:androidx.loader.loader-1.0.0:] AndroidManifest.xml:20:5-44
MERGED from [:androidx.loader.loader-1.0.0:] AndroidManifest.xml:20:5-44
MERGED from [:com.google.android.gms.play-services-measurement-sdk-api-21.1.0:] AndroidManifest.xml:20:5-44
MERGED from [:com.google.android.gms.play-services-measurement-sdk-api-21.1.0:] AndroidManifest.xml:20:5-44
MERGED from [:androidx.swiperefreshlayout.swiperefreshlayout-1.0.0:] AndroidManifest.xml:20:5-44
MERGED from [:androidx.swiperefreshlayout.swiperefreshlayout-1.0.0:] AndroidManifest.xml:20:5-44
MERGED from [:com.google.android.gms.play-services-auth-api-phone-17.4.0:] AndroidManifest.xml:5:5-44
MERGED from [:com.google.android.gms.play-services-auth-api-phone-17.4.0:] AndroidManifest.xml:5:5-44
MERGED from [:com.google.android.gms.play-services-measurement-base-21.1.0:] AndroidManifest.xml:5:5-44
MERGED from [:com.google.android.gms.play-services-measurement-base-21.1.0:] AndroidManifest.xml:5:5-44
MERGED from [:com.google.android.gms.play-services-basement-18.1.0:] AndroidManifest.xml:18:5-43
MERGED from [:com.google.android.gms.play-services-basement-18.1.0:] AndroidManifest.xml:18:5-43
MERGED from [:arcore_client:] AndroidManifest.xml:25:5-27:41
MERGED from [:arcore_client:] AndroidManifest.xml:25:5-27:41
MERGED from [:com.google.android.gms.play-services-tasks-18.0.2:] AndroidManifest.xml:4:5-43
MERGED from [:com.google.android.gms.play-services-tasks-18.0.2:] AndroidManifest.xml:4:5-43
MERGED from [:com.google.android.gms.play-services-base-18.1.0:] AndroidManifest.xml:18:5-43
MERGED from [:com.google.android.gms.play-services-base-18.1.0:] AndroidManifest.xml:18:5-43
MERGED from [:UnityARCore:] AndroidManifest.xml:7:5-9:41
MERGED from [:UnityARCore:] AndroidManifest.xml:7:5-9:41
MERGED from [:com.google.firebase.firebase-database-20.0.5:] AndroidManifest.xml:19:5-21:41
MERGED from [:com.google.firebase.firebase-database-20.0.5:] AndroidManifest.xml:19:5-21:41
MERGED from [:com.google.firebase.firebase-auth-interop-20.0.0:] AndroidManifest.xml:5:5-44
MERGED from [:com.google.firebase.firebase-auth-interop-20.0.0:] AndroidManifest.xml:5:5-44
MERGED from [:androidx.asynclayoutinflater.asynclayoutinflater-1.0.0:] AndroidManifest.xml:20:5-44
MERGED from [:androidx.asynclayoutinflater.asynclayoutinflater-1.0.0:] AndroidManifest.xml:20:5-44
MERGED from [:com.google.firebase.firebase-appcheck-interop-16.0.0:] AndroidManifest.xml:19:5-21:41
MERGED from [:com.google.firebase.firebase-appcheck-interop-16.0.0:] AndroidManifest.xml:19:5-21:41
MERGED from [:androidx.customview.customview-1.0.0:] AndroidManifest.xml:20:5-44
MERGED from [:androidx.customview.customview-1.0.0:] AndroidManifest.xml:20:5-44
MERGED from [:com.google.firebase.firebase-installations-17.0.1:] AndroidManifest.xml:6:5-8:41
MERGED from [:com.google.firebase.firebase-installations-17.0.1:] AndroidManifest.xml:6:5-8:41
MERGED from [:com.google.firebase.firebase-common-20.1.1:] AndroidManifest.xml:16:3-72
MERGED from [:com.google.firebase.firebase-common-20.1.1:] AndroidManifest.xml:16:3-72
MERGED from [:com.google.firebase.firebase-measurement-connector-19.0.0:] AndroidManifest.xml:20:5-44
MERGED from [:com.google.firebase.firebase-measurement-connector-19.0.0:] AndroidManifest.xml:20:5-44
MERGED from [:com.google.android.gms.play-services-ads-identifier-18.0.0:] AndroidManifest.xml:20:5-44
MERGED from [:com.google.android.gms.play-services-ads-identifier-18.0.0:] AndroidManifest.xml:20:5-44
MERGED from [:ARPresto:] AndroidManifest.xml:7:5-9:41
MERGED from [:ARPresto:] AndroidManifest.xml:7:5-9:41
MERGED from [:androidx.viewpager.viewpager-1.0.0:] AndroidManifest.xml:20:5-44
MERGED from [:androidx.viewpager.viewpager-1.0.0:] AndroidManifest.xml:20:5-44
MERGED from [:androidx.cursoradapter.cursoradapter-1.0.0:] AndroidManifest.xml:20:5-44
MERGED from [:androidx.cursoradapter.cursoradapter-1.0.0:] AndroidManifest.xml:20:5-44
MERGED from [:com.google.android.gms.play-services-measurement-21.1.0:] AndroidManifest.xml:20:5-44
MERGED from [:com.google.android.gms.play-services-measurement-21.1.0:] AndroidManifest.xml:20:5-44
MERGED from [:androidx.drawerlayout.drawerlayout-1.0.0:] AndroidManifest.xml:20:5-44
MERGED from [:androidx.drawerlayout.drawerlayout-1.0.0:] AndroidManifest.xml:20:5-44
MERGED from [:com.google.android.gms.play-services-measurement-api-21.1.0:] AndroidManifest.xml:20:5-44
MERGED from [:com.google.android.gms.play-services-measurement-api-21.1.0:] AndroidManifest.xml:20:5-44
MERGED from [:com.google.firebase.firebase-components-17.0.0:] AndroidManifest.xml:19:5-21:41
MERGED from [:com.google.firebase.firebase-components-17.0.0:] AndroidManifest.xml:19:5-21:41
MERGED from [:androidx.print.print-1.0.0:] AndroidManifest.xml:20:5-44
MERGED from [:androidx.print.print-1.0.0:] AndroidManifest.xml:20:5-44
MERGED from [:com.google.firebase.firebase-database-collection-18.0.1:] AndroidManifest.xml:5:5-7:41
MERGED from [:com.google.firebase.firebase-database-collection-18.0.1:] AndroidManifest.xml:5:5-7:41
MERGED from [:androidx.legacy.legacy-support-core-ui-1.0.0:] AndroidManifest.xml:20:5-44
MERGED from [:androidx.legacy.legacy-support-core-ui-1.0.0:] AndroidManifest.xml:20:5-44
MERGED from [:com.google.firebase.firebase-auth-21.0.6:] AndroidManifest.xml:21:5-44
MERGED from [:com.google.firebase.firebase-auth-21.0.6:] AndroidManifest.xml:21:5-44
MERGED from [:androidx.lifecycle.lifecycle-viewmodel-2.0.0:] AndroidManifest.xml:20:5-44
MERGED from [:androidx.lifecycle.lifecycle-viewmodel-2.0.0:] AndroidManifest.xml:20:5-44
MERGED from [:androidx.slidingpanelayout.slidingpanelayout-1.0.0:] AndroidManifest.xml:20:5-44
MERGED from [:androidx.slidingpanelayout.slidingpanelayout-1.0.0:] AndroidManifest.xml:20:5-44
MERGED from [:androidx.fragment.fragment-1.0.0:] AndroidManifest.xml:20:5-44
MERGED from [:androidx.fragment.fragment-1.0.0:] AndroidManifest.xml:20:5-44
MERGED from [:androidx.interpolator.interpolator-1.0.0:] AndroidManifest.xml:20:5-44
MERGED from [:androidx.interpolator.interpolator-1.0.0:] AndroidManifest.xml:20:5-44
MERGED from [:com.google.android.gms.play-services-measurement-impl-21.1.0:] AndroidManifest.xml:20:5-44
MERGED from [:com.google.android.gms.play-services-measurement-impl-21.1.0:] AndroidManifest.xml:20:5-44
MERGED from [:com.google.android.gms.play-services-measurement-sdk-21.1.0:] AndroidManifest.xml:20:5-44
MERGED from [:com.google.android.gms.play-services-measurement-sdk-21.1.0:] AndroidManifest.xml:20:5-44
MERGED from [:androidx.lifecycle.lifecycle-runtime-2.0.0:] AndroidManifest.xml:20:5-44
MERGED from [:androidx.lifecycle.lifecycle-runtime-2.0.0:] AndroidManifest.xml:20:5-44
MERGED from [:androidx.lifecycle.lifecycle-livedata-core-2.0.0:] AndroidManifest.xml:20:5-44
MERGED from [:androidx.lifecycle.lifecycle-livedata-core-2.0.0:] AndroidManifest.xml:20:5-44
MERGED from [:androidx.lifecycle.lifecycle-livedata-2.0.0:] AndroidManifest.xml:20:5-44
MERGED from [:androidx.lifecycle.lifecycle-livedata-2.0.0:] AndroidManifest.xml:20:5-44
MERGED from [:androidx.browser.browser-1.4.0:] AndroidManifest.xml:20:5-22:41
MERGED from [:androidx.browser.browser-1.4.0:] AndroidManifest.xml:20:5-22:41
MERGED from [:androidx.localbroadcastmanager.localbroadcastmanager-1.0.0:] AndroidManifest.xml:20:5-44
MERGED from [:androidx.localbroadcastmanager.localbroadcastmanager-1.0.0:] AndroidManifest.xml:20:5-44
MERGED from [:com.google.firebase.firebase-database-unity-9.3.0:] AndroidManifest.xml:7:3-41
MERGED from [:com.google.firebase.firebase-database-unity-9.3.0:] AndroidManifest.xml:7:3-41
MERGED from [:androidx.versionedparcelable.versionedparcelable-1.1.0:] AndroidManifest.xml:20:5-22:41
MERGED from [:androidx.versionedparcelable.versionedparcelable-1.1.0:] AndroidManifest.xml:20:5-22:41
MERGED from [:com.google.android.gms.play-services-safetynet-17.0.0:] AndroidManifest.xml:20:5-44
MERGED from [:com.google.android.gms.play-services-safetynet-17.0.0:] AndroidManifest.xml:20:5-44
MERGED from [:com.google.android.gms.play-services-stats-17.0.2:] AndroidManifest.xml:5:5-44
MERGED from [:com.google.android.gms.play-services-stats-17.0.2:] AndroidManifest.xml:5:5-44
MERGED from [:androidx.legacy.legacy-support-core-utils-1.0.0:] AndroidManifest.xml:20:5-44
MERGED from [:androidx.legacy.legacy-support-core-utils-1.0.0:] AndroidManifest.xml:20:5-44
MERGED from [:androidx.arch.core.core-runtime-2.0.0:] AndroidManifest.xml:20:5-44
MERGED from [:androidx.arch.core.core-runtime-2.0.0:] AndroidManifest.xml:20:5-44
MERGED from [:androidx.coordinatorlayout.coordinatorlayout-1.0.0:] AndroidManifest.xml:20:5-44
MERGED from [:androidx.coordinatorlayout.coordinatorlayout-1.0.0:] AndroidManifest.xml:20:5-44
MERGED from [:com.google.firebase.firebase-installations-interop-17.0.1:] AndroidManifest.xml:19:5-21:41
MERGED from [:com.google.firebase.firebase-installations-interop-17.0.1:] AndroidManifest.xml:19:5-21:41
MERGED from [:androidx.documentfile.documentfile-1.0.0:] AndroidManifest.xml:20:5-44
MERGED from [:androidx.documentfile.documentfile-1.0.0:] AndroidManifest.xml:20:5-44
MERGED from [:androidx.core.core-1.2.0:] AndroidManifest.xml:20:5-22:41
MERGED from [:androidx.core.core-1.2.0:] AndroidManifest.xml:20:5-22:41
MERGED from [:com.google.firebase.firebase-analytics-21.1.0:] AndroidManifest.xml:5:5-44
MERGED from [:com.google.firebase.firebase-analytics-21.1.0:] AndroidManifest.xml:5:5-44
MERGED from [:unityLibrary:FirebaseApp.androidlib] AndroidManifest.xml:7:5-46
MERGED from [:unityLibrary:FirebaseApp.androidlib] AndroidManifest.xml:7:5-46
INJECTED from src/main/AndroidManifest.xml
INJECTED from src/main/AndroidManifest.xml
	android:targetSdkVersion
		INJECTED from src/main/AndroidManifest.xml
		ADDED from src/main/AndroidManifest.xml
		INJECTED from src/main/AndroidManifest.xml
	android:minSdkVersion
		INJECTED from src/main/AndroidManifest.xml
		ADDED from src/main/AndroidManifest.xml
		MERGED from src/main/AndroidManifest.xml
		INJECTED from src/main/AndroidManifest.xml
uses-feature#0x00030000
ADDED from [:unityLibrary] AndroidManifest.xml:12:5-54
	android:glEsVersion
		ADDED from [:unityLibrary] AndroidManifest.xml:12:19-51
uses-permission#android.permission.INTERNET
ADDED from [:unityLibrary] AndroidManifest.xml:14:5-67
MERGED from [:com.google.android.gms.play-services-measurement-sdk-api-21.1.0:] AndroidManifest.xml:23:5-67
MERGED from [:com.google.android.gms.play-services-measurement-sdk-api-21.1.0:] AndroidManifest.xml:23:5-67
MERGED from [:com.google.firebase.firebase-database-20.0.5:] AndroidManifest.xml:26:5-67
MERGED from [:com.google.firebase.firebase-database-20.0.5:] AndroidManifest.xml:26:5-67
MERGED from [:com.google.firebase.firebase-installations-17.0.1:] AndroidManifest.xml:11:5-67
MERGED from [:com.google.firebase.firebase-installations-17.0.1:] AndroidManifest.xml:11:5-67
MERGED from [:com.google.android.gms.play-services-measurement-21.1.0:] AndroidManifest.xml:23:5-67
MERGED from [:com.google.android.gms.play-services-measurement-21.1.0:] AndroidManifest.xml:23:5-67
MERGED from [:com.google.android.gms.play-services-measurement-api-21.1.0:] AndroidManifest.xml:22:5-67
MERGED from [:com.google.android.gms.play-services-measurement-api-21.1.0:] AndroidManifest.xml:22:5-67
MERGED from [:com.google.firebase.firebase-auth-21.0.6:] AndroidManifest.xml:23:5-67
MERGED from [:com.google.firebase.firebase-auth-21.0.6:] AndroidManifest.xml:23:5-67
MERGED from [:com.google.android.gms.play-services-measurement-impl-21.1.0:] AndroidManifest.xml:23:5-67
MERGED from [:com.google.android.gms.play-services-measurement-impl-21.1.0:] AndroidManifest.xml:23:5-67
	android:name
		ADDED from [:unityLibrary] AndroidManifest.xml:14:22-64
uses-feature#android.hardware.touchscreen
ADDED from [:unityLibrary] AndroidManifest.xml:16:5-18:36
	android:required
		ADDED from [:unityLibrary] AndroidManifest.xml:18:9-33
	android:name
		ADDED from [:unityLibrary] AndroidManifest.xml:17:9-52
uses-feature#android.hardware.touchscreen.multitouch
ADDED from [:unityLibrary] AndroidManifest.xml:19:5-21:36
	android:required
		ADDED from [:unityLibrary] AndroidManifest.xml:21:9-33
	android:name
		ADDED from [:unityLibrary] AndroidManifest.xml:20:9-63
uses-feature#android.hardware.touchscreen.multitouch.distinct
ADDED from [:unityLibrary] AndroidManifest.xml:22:5-24:36
	android:required
		ADDED from [:unityLibrary] AndroidManifest.xml:24:9-33
	android:name
		ADDED from [:unityLibrary] AndroidManifest.xml:23:9-72
uses-permission#android.permission.CAMERA
ADDED from [:unityLibrary] AndroidManifest.xml:26:5-65
	android:name
		ADDED from [:unityLibrary] AndroidManifest.xml:26:22-62
uses-feature#android.hardware.camera.ar
ADDED from [:unityLibrary] AndroidManifest.xml:28:5-30:35
	android:required
		ADDED from [:unityLibrary] AndroidManifest.xml:30:9-32
	android:name
		ADDED from [:unityLibrary] AndroidManifest.xml:29:9-50
uses-feature#com.google.ar.core.depth
ADDED from [:unityLibrary] AndroidManifest.xml:31:5-33:35
	android:required
		ADDED from [:unityLibrary] AndroidManifest.xml:33:9-32
	android:name
		ADDED from [:unityLibrary] AndroidManifest.xml:32:9-48
activity#com.unity3d.player.UnityPlayerActivity
ADDED from [:unityLibrary] AndroidManifest.xml:36:9-56:20
	android:screenOrientation
		ADDED from [:unityLibrary] AndroidManifest.xml:42:13-49
	android:launchMode
		ADDED from [:unityLibrary] AndroidManifest.xml:40:13-44
	android:hardwareAccelerated
		ADDED from [:unityLibrary] AndroidManifest.xml:39:13-48
	android:resizeableActivity
		ADDED from [:unityLibrary] AndroidManifest.xml:41:13-47
	android:configChanges
		ADDED from [:unityLibrary] AndroidManifest.xml:38:13-194
	android:theme
		ADDED from [:unityLibrary] AndroidManifest.xml:43:13-54
	android:name
		ADDED from [:unityLibrary] AndroidManifest.xml:37:13-66
intent-filter#action:name:android.intent.action.MAIN+category:name:android.intent.category.LAUNCHER
ADDED from [:unityLibrary] AndroidManifest.xml:44:13-48:29
action#android.intent.action.MAIN
ADDED from [:unityLibrary] AndroidManifest.xml:45:17-69
	android:name
		ADDED from [:unityLibrary] AndroidManifest.xml:45:25-66
category#android.intent.category.LAUNCHER
ADDED from [:unityLibrary] AndroidManifest.xml:47:17-77
	android:name
		ADDED from [:unityLibrary] AndroidManifest.xml:47:27-74
meta-data#unityplayer.UnityActivity
ADDED from [:unityLibrary] AndroidManifest.xml:50:13-52:40
	android:value
		ADDED from [:unityLibrary] AndroidManifest.xml:52:17-37
	android:name
		ADDED from [:unityLibrary] AndroidManifest.xml:51:17-57
meta-data#android.notch_support
ADDED from [:unityLibrary] AndroidManifest.xml:53:13-55:40
	android:value
		ADDED from [:unityLibrary] AndroidManifest.xml:55:17-37
	android:name
		ADDED from [:unityLibrary] AndroidManifest.xml:54:17-53
meta-data#unity.splash-mode
ADDED from [:unityLibrary] AndroidManifest.xml:58:9-60:33
	android:value
		ADDED from [:unityLibrary] AndroidManifest.xml:60:13-30
	android:name
		ADDED from [:unityLibrary] AndroidManifest.xml:59:13-45
meta-data#unity.splash-enable
ADDED from [:unityLibrary] AndroidManifest.xml:61:9-63:36
	android:value
		ADDED from [:unityLibrary] AndroidManifest.xml:63:13-33
	android:name
		ADDED from [:unityLibrary] AndroidManifest.xml:62:13-47
meta-data#unity.launch-fullscreen
ADDED from [:unityLibrary] AndroidManifest.xml:64:9-66:36
	android:value
		ADDED from [:unityLibrary] AndroidManifest.xml:66:13-33
	android:name
		ADDED from [:unityLibrary] AndroidManifest.xml:65:13-51
meta-data#unity.allow-resizable-window
ADDED from [:unityLibrary] AndroidManifest.xml:67:9-69:37
	android:value
		ADDED from [:unityLibrary] AndroidManifest.xml:69:13-34
	android:name
		ADDED from [:unityLibrary] AndroidManifest.xml:68:13-56
meta-data#notch.config
ADDED from [:unityLibrary] AndroidManifest.xml:70:9-72:50
	android:value
		ADDED from [:unityLibrary] AndroidManifest.xml:72:13-47
	android:name
		ADDED from [:unityLibrary] AndroidManifest.xml:71:13-40
meta-data#unityplayer.SkipPermissionsDialog
ADDED from [:unityLibrary] AndroidManifest.xml:73:9-75:36
	android:value
		ADDED from [:unityLibrary] AndroidManifest.xml:75:13-33
	android:name
		ADDED from [:unityLibrary] AndroidManifest.xml:74:13-61
meta-data#com.google.ar.core
ADDED from [:unityLibrary] AndroidManifest.xml:76:9-78:40
	android:value
		ADDED from [:unityLibrary] AndroidManifest.xml:78:13-37
	android:name
		ADDED from [:unityLibrary] AndroidManifest.xml:77:13-46
uses-permission#android.permission.ACCESS_NETWORK_STATE
ADDED from [:com.google.android.gms.play-services-measurement-sdk-api-21.1.0:] AndroidManifest.xml:24:5-79
MERGED from [:com.google.firebase.firebase-database-20.0.5:] AndroidManifest.xml:25:5-79
MERGED from [:com.google.firebase.firebase-database-20.0.5:] AndroidManifest.xml:25:5-79
MERGED from [:com.google.firebase.firebase-installations-17.0.1:] AndroidManifest.xml:10:5-79
MERGED from [:com.google.firebase.firebase-installations-17.0.1:] AndroidManifest.xml:10:5-79
MERGED from [:com.google.android.gms.play-services-measurement-21.1.0:] AndroidManifest.xml:24:5-79
MERGED from [:com.google.android.gms.play-services-measurement-21.1.0:] AndroidManifest.xml:24:5-79
MERGED from [:com.google.android.gms.play-services-measurement-api-21.1.0:] AndroidManifest.xml:23:5-79
MERGED from [:com.google.android.gms.play-services-measurement-api-21.1.0:] AndroidManifest.xml:23:5-79
MERGED from [:com.google.firebase.firebase-auth-21.0.6:] AndroidManifest.xml:24:5-79
MERGED from [:com.google.firebase.firebase-auth-21.0.6:] AndroidManifest.xml:24:5-79
MERGED from [:com.google.android.gms.play-services-measurement-impl-21.1.0:] AndroidManifest.xml:24:5-79
MERGED from [:com.google.android.gms.play-services-measurement-impl-21.1.0:] AndroidManifest.xml:24:5-79
	android:name
		ADDED from [:com.google.android.gms.play-services-measurement-sdk-api-21.1.0:] AndroidManifest.xml:24:22-76
uses-permission#android.permission.WAKE_LOCK
ADDED from [:com.google.android.gms.play-services-measurement-sdk-api-21.1.0:] AndroidManifest.xml:25:5-68
MERGED from [:com.google.android.gms.play-services-measurement-21.1.0:] AndroidManifest.xml:25:5-68
MERGED from [:com.google.android.gms.play-services-measurement-21.1.0:] AndroidManifest.xml:25:5-68
MERGED from [:com.google.android.gms.play-services-measurement-api-21.1.0:] AndroidManifest.xml:24:5-68